<?xml version="1.0" encoding="UTF-8"?>
<!-- Generated by org.testng.reporters.JUnitReportReporter -->
<testsuite skipped="0" hostname="Lokeshs-MacBook-Pro.local" name="snj.selenium.testcases.SampleTest" tests="2" failures="0" timestamp="2021-12-19T15:49:31 IST" time="5.601" errors="0">
  <testcase name="TC001_sampleTestCase" time="3.298" classname="snj.selenium.testcases.SampleTest"/>
  <system-out/>
  <testcase name="TC002_sampleTestCase" time="2.303" classname="snj.selenium.testcases.SampleTest"/>
  <system-out/>
</testsuite> <!-- snj.selenium.testcases.SampleTest -->
