<?xml version="1.0" encoding="UTF-8"?>
<!-- Generated by org.testng.reporters.JUnitReportReporter -->
<testsuite skipped="0" hostname="Lokeshs-MacBook-Pro.local" name="com.blazedemo.testcases.Blaze_Demo_Test" tests="6" failures="0" timestamp="2021-12-20T08:36:55 IST" time="98.249" errors="0">
  <testcase name="verifyBookingFlightWithRememberMe" time="13.143" classname="com.blazedemo.testcases.Blaze_Demo_Test"/>
  <system-out>
    <![CDATA[https://blazedemo.com/index.php is loaded successfully
Element: [[ChromeDriver: chrome on MAC (257629b06b572516e5d0b938f97ac09f)] -> css selector: select[name="fromPort"]]is selected
Element: [[ChromeDriver: chrome on MAC (257629b06b572516e5d0b938f97ac09f)] -> css selector: select[name="toPort"]]is selected
Successfully clicked on [[ChromeDriver: chrome on MAC (257629b06b572516e5d0b938f97ac09f)] -> css selector: input[type="submit"]]
Data Mechelle Brakus successfully entered into [[ChromeDriver: chrome on MAC (257629b06b572516e5d0b938f97ac09f)] -> id: inputName]
Data 6292 Hansen Spur, Port Tessa, ND 83658 successfully entered into [[ChromeDriver: chrome on MAC (257629b06b572516e5d0b938f97ac09f)] -> id: address]
Data Uptonbury successfully entered into [[ChromeDriver: chrome on MAC (257629b06b572516e5d0b938f97ac09f)] -> id: city]
Data Alaska successfully entered into [[ChromeDriver: chrome on MAC (257629b06b572516e5d0b938f97ac09f)] -> id: state]
Data 44693 successfully entered into [[ChromeDriver: chrome on MAC (257629b06b572516e5d0b938f97ac09f)] -> id: zipCode]
Element: [[ChromeDriver: chrome on MAC (257629b06b572516e5d0b938f97ac09f)] -> id: cardType]is selected
Data 1212-1221-1121-1234 successfully entered into [[ChromeDriver: chrome on MAC (257629b06b572516e5d0b938f97ac09f)] -> id: creditCardNumber]
Data 10 successfully entered into [[ChromeDriver: chrome on MAC (257629b06b572516e5d0b938f97ac09f)] -> id: creditCardMonth]
Data 2019 successfully entered into [[ChromeDriver: chrome on MAC (257629b06b572516e5d0b938f97ac09f)] -> id: creditCardYear]
Data Mechelle Brakus successfully entered into [[ChromeDriver: chrome on MAC (257629b06b572516e5d0b938f97ac09f)] -> id: nameOnCard]
Successfully clicked on [[ChromeDriver: chrome on MAC (257629b06b572516e5d0b938f97ac09f)] -> id: rememberMe]
Successfully clicked on Proxy element for: DefaultElementLocator 'By.xpath: //input[@type='submit']']]>
  </system-out>
  <testcase name="verifyBookingFlightWithRememberMe" time="13.358" classname="com.blazedemo.testcases.Blaze_Demo_Test"/>
  <system-out>
    <![CDATA[https://blazedemo.com/index.php is loaded successfully
Element: [[FirefoxDriver: firefox on MAC (8df47a49-c650-4f82-be85-aeba9fabe17f)] -> css selector: select[name="fromPort"]]is selected
Element: [[FirefoxDriver: firefox on MAC (8df47a49-c650-4f82-be85-aeba9fabe17f)] -> css selector: select[name="toPort"]]is selected
Successfully clicked on [[FirefoxDriver: firefox on MAC (8df47a49-c650-4f82-be85-aeba9fabe17f)] -> css selector: input[type="submit"]]
Data Johnnie Predovic successfully entered into [[FirefoxDriver: firefox on MAC (8df47a49-c650-4f82-be85-aeba9fabe17f)] -> id: inputName]
Data 33538 Orn Terrace, Port Wilfred, CO 67864-9747 successfully entered into [[FirefoxDriver: firefox on MAC (8df47a49-c650-4f82-be85-aeba9fabe17f)] -> id: address]
Data East Aracelis successfully entered into [[FirefoxDriver: firefox on MAC (8df47a49-c650-4f82-be85-aeba9fabe17f)] -> id: city]
Data Virginia successfully entered into [[FirefoxDriver: firefox on MAC (8df47a49-c650-4f82-be85-aeba9fabe17f)] -> id: state]
Data 99142 successfully entered into [[FirefoxDriver: firefox on MAC (8df47a49-c650-4f82-be85-aeba9fabe17f)] -> id: zipCode]
Element: [[FirefoxDriver: firefox on MAC (8df47a49-c650-4f82-be85-aeba9fabe17f)] -> id: cardType]is selected
Data 1228-1221-1221-1431 successfully entered into [[FirefoxDriver: firefox on MAC (8df47a49-c650-4f82-be85-aeba9fabe17f)] -> id: creditCardNumber]
Data 10 successfully entered into [[FirefoxDriver: firefox on MAC (8df47a49-c650-4f82-be85-aeba9fabe17f)] -> id: creditCardMonth]
Data 2005 successfully entered into [[FirefoxDriver: firefox on MAC (8df47a49-c650-4f82-be85-aeba9fabe17f)] -> id: creditCardYear]
Data Johnnie Predovic successfully entered into [[FirefoxDriver: firefox on MAC (8df47a49-c650-4f82-be85-aeba9fabe17f)] -> id: nameOnCard]
Successfully clicked on [[FirefoxDriver: firefox on MAC (8df47a49-c650-4f82-be85-aeba9fabe17f)] -> id: rememberMe]
Successfully clicked on Proxy element for: DefaultElementLocator 'By.xpath: //input[@type='submit']']]>
  </system-out>
  <testcase name="verifyBookingFlight" time="22.000" classname="com.blazedemo.testcases.Blaze_Demo_Test"/>
  <system-out>
    <![CDATA[https://blazedemo.com/index.php is loaded successfully
Element: [[FirefoxDriver: firefox on MAC (8df47a49-c650-4f82-be85-aeba9fabe17f)] -> css selector: select[name="fromPort"]]is selected
Element: [[FirefoxDriver: firefox on MAC (8df47a49-c650-4f82-be85-aeba9fabe17f)] -> css selector: select[name="toPort"]]is selected
Successfully clicked on [[FirefoxDriver: firefox on MAC (8df47a49-c650-4f82-be85-aeba9fabe17f)] -> css selector: input[type="submit"]]
Data Lilliana Upton successfully entered into [[FirefoxDriver: firefox on MAC (8df47a49-c650-4f82-be85-aeba9fabe17f)] -> id: inputName]
Data Suite 772 1296 Bryant Squares, Erikburgh, AR 21601 successfully entered into [[FirefoxDriver: firefox on MAC (8df47a49-c650-4f82-be85-aeba9fabe17f)] -> id: address]
Data Mrazhaven successfully entered into [[FirefoxDriver: firefox on MAC (8df47a49-c650-4f82-be85-aeba9fabe17f)] -> id: city]
Data Iowa successfully entered into [[FirefoxDriver: firefox on MAC (8df47a49-c650-4f82-be85-aeba9fabe17f)] -> id: state]
Data 93466 successfully entered into [[FirefoxDriver: firefox on MAC (8df47a49-c650-4f82-be85-aeba9fabe17f)] -> id: zipCode]
Element: [[FirefoxDriver: firefox on MAC (8df47a49-c650-4f82-be85-aeba9fabe17f)] -> id: cardType]is selected
Data 1228-1221-1221-1431 successfully entered into [[FirefoxDriver: firefox on MAC (8df47a49-c650-4f82-be85-aeba9fabe17f)] -> id: creditCardNumber]
Data 1 successfully entered into [[FirefoxDriver: firefox on MAC (8df47a49-c650-4f82-be85-aeba9fabe17f)] -> id: creditCardMonth]
Data 2019 successfully entered into [[FirefoxDriver: firefox on MAC (8df47a49-c650-4f82-be85-aeba9fabe17f)] -> id: creditCardYear]
Data Lilliana Upton successfully entered into [[FirefoxDriver: firefox on MAC (8df47a49-c650-4f82-be85-aeba9fabe17f)] -> id: nameOnCard]
Successfully clicked on Proxy element for: DefaultElementLocator 'By.xpath: //input[@type='submit']']]>
  </system-out>
  <testcase name="verifyBookingFlight" time="25.149" classname="com.blazedemo.testcases.Blaze_Demo_Test"/>
  <system-out>
    <![CDATA[https://blazedemo.com/index.php is loaded successfully
Element: [[ChromeDriver: chrome on MAC (257629b06b572516e5d0b938f97ac09f)] -> css selector: select[name="fromPort"]]is selected
Element: [[ChromeDriver: chrome on MAC (257629b06b572516e5d0b938f97ac09f)] -> css selector: select[name="toPort"]]is selected
Successfully clicked on [[ChromeDriver: chrome on MAC (257629b06b572516e5d0b938f97ac09f)] -> css selector: input[type="submit"]]
Data Shaunda Aufderhar successfully entered into [[ChromeDriver: chrome on MAC (257629b06b572516e5d0b938f97ac09f)] -> id: inputName]
Data 268 Schuppe Ways, Louisville, UT 14472 successfully entered into [[ChromeDriver: chrome on MAC (257629b06b572516e5d0b938f97ac09f)] -> id: address]
Data Lake Luana successfully entered into [[ChromeDriver: chrome on MAC (257629b06b572516e5d0b938f97ac09f)] -> id: city]
Data New Mexico successfully entered into [[ChromeDriver: chrome on MAC (257629b06b572516e5d0b938f97ac09f)] -> id: state]
Data 81710 successfully entered into [[ChromeDriver: chrome on MAC (257629b06b572516e5d0b938f97ac09f)] -> id: zipCode]
Element: [[ChromeDriver: chrome on MAC (257629b06b572516e5d0b938f97ac09f)] -> id: cardType]is selected
Data 1234-2121-1221-1211 successfully entered into [[ChromeDriver: chrome on MAC (257629b06b572516e5d0b938f97ac09f)] -> id: creditCardNumber]
Data 11 successfully entered into [[ChromeDriver: chrome on MAC (257629b06b572516e5d0b938f97ac09f)] -> id: creditCardMonth]
Data 2014 successfully entered into [[ChromeDriver: chrome on MAC (257629b06b572516e5d0b938f97ac09f)] -> id: creditCardYear]
Data Shaunda Aufderhar successfully entered into [[ChromeDriver: chrome on MAC (257629b06b572516e5d0b938f97ac09f)] -> id: nameOnCard]
Successfully clicked on Proxy element for: DefaultElementLocator 'By.xpath: //input[@type='submit']']]>
  </system-out>
  <testcase name="verifyBookingFlightWithoutUserDetails" time="12.078" classname="com.blazedemo.testcases.Blaze_Demo_Test"/>
  <system-out>
    <![CDATA[https://blazedemo.com/index.php is loaded successfully
Element: [[FirefoxDriver: firefox on MAC (8df47a49-c650-4f82-be85-aeba9fabe17f)] -> css selector: select[name="fromPort"]]is selected
Element: [[FirefoxDriver: firefox on MAC (8df47a49-c650-4f82-be85-aeba9fabe17f)] -> css selector: select[name="toPort"]]is selected
Successfully clicked on [[FirefoxDriver: firefox on MAC (8df47a49-c650-4f82-be85-aeba9fabe17f)] -> css selector: input[type="submit"]]
Successfully clicked on Proxy element for: DefaultElementLocator 'By.xpath: //input[@type='submit']']]>
  </system-out>
  <testcase name="verifyBookingFlightWithoutUserDetails" time="12.521" classname="com.blazedemo.testcases.Blaze_Demo_Test"/>
  <system-out>
    <![CDATA[https://blazedemo.com/index.php is loaded successfully
Element: [[ChromeDriver: chrome on MAC (257629b06b572516e5d0b938f97ac09f)] -> css selector: select[name="fromPort"]]is selected
Element: [[ChromeDriver: chrome on MAC (257629b06b572516e5d0b938f97ac09f)] -> css selector: select[name="toPort"]]is selected
Successfully clicked on [[ChromeDriver: chrome on MAC (257629b06b572516e5d0b938f97ac09f)] -> css selector: input[type="submit"]]
Successfully clicked on Proxy element for: DefaultElementLocator 'By.xpath: //input[@type='submit']']]>
  </system-out>
</testsuite> <!-- com.blazedemo.testcases.Blaze_Demo_Test -->
