<?xml version="1.0" encoding="UTF-8"?>
<!-- Generated by org.testng.reporters.JUnitReportReporter -->
<testsuite skipped="0" hostname="Lokeshs-MacBook-Pro.local" name="com.blazedemo.testcases.BookFlight2" tests="2" failures="0" timestamp="2021-12-19T21:58:32 IST" time="30.767" errors="0">
  <testcase name="bookFlight" time="16.398" classname="com.blazedemo.testcases.BookFlight2"/>
  <system-out>
    <![CDATA[https://blazedemo.com/index.php is loaded successfully
Successfully clicked on [[ChromeDriver: chrome on MAC (a0384119073fd6d6d9db69f552018469)] -> css selector: input[type="submit"]]
Data Cortney Wunsch successfully entered into [[ChromeDriver: chrome on MAC (a0384119073fd6d6d9db69f552018469)] -> id: inputName]
Data Apt. 008 32527 Lynn Trail, Shieldsmouth, MO 90773 successfully entered into [[ChromeDriver: chrome on MAC (a0384119073fd6d6d9db69f552018469)] -> id: address]
Data Hackettmouth successfully entered into [[ChromeDriver: chrome on MAC (a0384119073fd6d6d9db69f552018469)] -> id: city]
Data Washington successfully entered into [[ChromeDriver: chrome on MAC (a0384119073fd6d6d9db69f552018469)] -> id: state]
Data 22061-0164 successfully entered into [[ChromeDriver: chrome on MAC (a0384119073fd6d6d9db69f552018469)] -> id: zipCode]
Data 1234-2121-1221-1211 successfully entered into [[ChromeDriver: chrome on MAC (a0384119073fd6d6d9db69f552018469)] -> id: creditCardNumber]
Data 3 successfully entered into [[ChromeDriver: chrome on MAC (a0384119073fd6d6d9db69f552018469)] -> id: creditCardMonth]
Data 2007 successfully entered into [[ChromeDriver: chrome on MAC (a0384119073fd6d6d9db69f552018469)] -> id: creditCardYear]
Successfully clicked on Proxy element for: DefaultElementLocator 'By.xpath: //input[@type='submit']']]>
  </system-out>
  <testcase name="bookFlight" time="14.369" classname="com.blazedemo.testcases.BookFlight2"/>
  <system-out>
    <![CDATA[https://blazedemo.com/index.php is loaded successfully
Successfully clicked on [[FirefoxDriver: firefox on MAC (f617a76f-7eea-4818-b233-9963b513f21b)] -> css selector: input[type="submit"]]
Data Maxima Murray successfully entered into [[FirefoxDriver: firefox on MAC (f617a76f-7eea-4818-b233-9963b513f21b)] -> id: inputName]
Data 857 Gibson Wells, Lake Rodger, SD 44989 successfully entered into [[FirefoxDriver: firefox on MAC (f617a76f-7eea-4818-b233-9963b513f21b)] -> id: address]
Data Port Dana successfully entered into [[FirefoxDriver: firefox on MAC (f617a76f-7eea-4818-b233-9963b513f21b)] -> id: city]
Data New York successfully entered into [[FirefoxDriver: firefox on MAC (f617a76f-7eea-4818-b233-9963b513f21b)] -> id: state]
Data 89195-8730 successfully entered into [[FirefoxDriver: firefox on MAC (f617a76f-7eea-4818-b233-9963b513f21b)] -> id: zipCode]
Data 1234-2121-1221-1211 successfully entered into [[FirefoxDriver: firefox on MAC (f617a76f-7eea-4818-b233-9963b513f21b)] -> id: creditCardNumber]
Data 2 successfully entered into [[FirefoxDriver: firefox on MAC (f617a76f-7eea-4818-b233-9963b513f21b)] -> id: creditCardMonth]
Data 2003 successfully entered into [[FirefoxDriver: firefox on MAC (f617a76f-7eea-4818-b233-9963b513f21b)] -> id: creditCardYear]
Successfully clicked on Proxy element for: DefaultElementLocator 'By.xpath: //input[@type='submit']']]>
  </system-out>
</testsuite> <!-- com.blazedemo.testcases.BookFlight2 -->
