<?xml version="1.0" encoding="UTF-8"?>
<!-- Generated by org.testng.reporters.JUnitReportReporter -->
<testsuite skipped="0" hostname="Lokeshs-MacBook-Pro.local" name="com.blazedemo.testcases.BookFlight" tests="2" failures="0" timestamp="2021-12-19T21:58:32 IST" time="31.497" errors="0">
  <testcase name="purchaseFlight" time="17.135" classname="com.blazedemo.testcases.BookFlight"/>
  <system-out>
    <![CDATA[https://blazedemo.com/index.php is loaded successfully
Successfully clicked on [[ChromeDriver: chrome on MAC (29323c8da954f3e86ac0b9b121afa1ab)] -> css selector: input[type="submit"]]
Data Parker Harber successfully entered into [[ChromeDriver: chrome on MAC (29323c8da954f3e86ac0b9b121afa1ab)] -> id: inputName]
Data 7464 Towne Cove, North Alichester, CT 78111-6572 successfully entered into [[ChromeDriver: chrome on MAC (29323c8da954f3e86ac0b9b121afa1ab)] -> id: address]
Data Johnsmouth successfully entered into [[ChromeDriver: chrome on MAC (29323c8da954f3e86ac0b9b121afa1ab)] -> id: city]
Data Utah successfully entered into [[ChromeDriver: chrome on MAC (29323c8da954f3e86ac0b9b121afa1ab)] -> id: state]
Data 69147 successfully entered into [[ChromeDriver: chrome on MAC (29323c8da954f3e86ac0b9b121afa1ab)] -> id: zipCode]
Data 1211-1221-1234-2201 successfully entered into [[ChromeDriver: chrome on MAC (29323c8da954f3e86ac0b9b121afa1ab)] -> id: creditCardNumber]
Data 10 successfully entered into [[ChromeDriver: chrome on MAC (29323c8da954f3e86ac0b9b121afa1ab)] -> id: creditCardMonth]
Data 2005 successfully entered into [[ChromeDriver: chrome on MAC (29323c8da954f3e86ac0b9b121afa1ab)] -> id: creditCardYear]
Successfully clicked on Proxy element for: DefaultElementLocator 'By.xpath: //input[@type='submit']']]>
  </system-out>
  <testcase name="purchaseFlight" time="14.362" classname="com.blazedemo.testcases.BookFlight"/>
  <system-out>
    <![CDATA[https://blazedemo.com/index.php is loaded successfully
Successfully clicked on [[FirefoxDriver: firefox on MAC (2fc59e35-fcf0-4dc2-9c28-824b8c64edb1)] -> css selector: input[type="submit"]]
Data Thaddeus Johnston III successfully entered into [[FirefoxDriver: firefox on MAC (2fc59e35-fcf0-4dc2-9c28-824b8c64edb1)] -> id: inputName]
Data Suite 389 34119 Kirby Estate, North Shane, FL 12904 successfully entered into [[FirefoxDriver: firefox on MAC (2fc59e35-fcf0-4dc2-9c28-824b8c64edb1)] -> id: address]
Data Traceyborough successfully entered into [[FirefoxDriver: firefox on MAC (2fc59e35-fcf0-4dc2-9c28-824b8c64edb1)] -> id: city]
Data Connecticut successfully entered into [[FirefoxDriver: firefox on MAC (2fc59e35-fcf0-4dc2-9c28-824b8c64edb1)] -> id: state]
Data 57485 successfully entered into [[FirefoxDriver: firefox on MAC (2fc59e35-fcf0-4dc2-9c28-824b8c64edb1)] -> id: zipCode]
Data 1211-1221-1234-2201 successfully entered into [[FirefoxDriver: firefox on MAC (2fc59e35-fcf0-4dc2-9c28-824b8c64edb1)] -> id: creditCardNumber]
Data 11 successfully entered into [[FirefoxDriver: firefox on MAC (2fc59e35-fcf0-4dc2-9c28-824b8c64edb1)] -> id: creditCardMonth]
Data 2008 successfully entered into [[FirefoxDriver: firefox on MAC (2fc59e35-fcf0-4dc2-9c28-824b8c64edb1)] -> id: creditCardYear]
Successfully clicked on Proxy element for: DefaultElementLocator 'By.xpath: //input[@type='submit']']]>
  </system-out>
</testsuite> <!-- com.blazedemo.testcases.BookFlight -->
