<?xml version="1.0" encoding="UTF-8"?>
<!-- Generated by org.testng.reporters.JUnitReportReporter -->
<testsuite skipped="0" hostname="Lokeshs-MacBook-Pro.local" name="com.blazedemo.testcases.Blaze_Demo_Test" tests="2" failures="0" timestamp="2021-12-19T23:23:38 IST" time="33.121" errors="0">
  <testcase name="verifyBookingFlight" time="14.985" classname="com.blazedemo.testcases.Blaze_Demo_Test"/>
  <system-out>
    <![CDATA[https://blazedemo.com/index.php is loaded successfully
Element: [[FirefoxDriver: firefox on MAC (94a5e01f-a8e3-4cd9-a304-4bad27eb8740)] -> css selector: select[name="fromPort"]]is selected
Element: [[FirefoxDriver: firefox on MAC (94a5e01f-a8e3-4cd9-a304-4bad27eb8740)] -> css selector: select[name="toPort"]]is selected
Successfully clicked on [[FirefoxDriver: firefox on MAC (94a5e01f-a8e3-4cd9-a304-4bad27eb8740)] -> css selector: input[type="submit"]]
Data Mr. Cristobal Mayer successfully entered into [[FirefoxDriver: firefox on MAC (94a5e01f-a8e3-4cd9-a304-4bad27eb8740)] -> id: inputName]
Data 123 Gutmann Stravenue, Rickyport, CT 85155-8311 successfully entered into [[FirefoxDriver: firefox on MAC (94a5e01f-a8e3-4cd9-a304-4bad27eb8740)] -> id: address]
Data Guillermoshire successfully entered into [[FirefoxDriver: firefox on MAC (94a5e01f-a8e3-4cd9-a304-4bad27eb8740)] -> id: city]
Data Oregon successfully entered into [[FirefoxDriver: firefox on MAC (94a5e01f-a8e3-4cd9-a304-4bad27eb8740)] -> id: state]
Data 09895 successfully entered into [[FirefoxDriver: firefox on MAC (94a5e01f-a8e3-4cd9-a304-4bad27eb8740)] -> id: zipCode]
Element: [[FirefoxDriver: firefox on MAC (94a5e01f-a8e3-4cd9-a304-4bad27eb8740)] -> id: cardType]is selected
Data 1234-2121-1221-1211 successfully entered into [[FirefoxDriver: firefox on MAC (94a5e01f-a8e3-4cd9-a304-4bad27eb8740)] -> id: creditCardNumber]
Data 9 successfully entered into [[FirefoxDriver: firefox on MAC (94a5e01f-a8e3-4cd9-a304-4bad27eb8740)] -> id: creditCardMonth]
Data 2011 successfully entered into [[FirefoxDriver: firefox on MAC (94a5e01f-a8e3-4cd9-a304-4bad27eb8740)] -> id: creditCardYear]
Data Mr. Cristobal Mayer successfully entered into [[FirefoxDriver: firefox on MAC (94a5e01f-a8e3-4cd9-a304-4bad27eb8740)] -> id: nameOnCard]
Successfully clicked on Proxy element for: DefaultElementLocator 'By.xpath: //input[@type='submit']']]>
  </system-out>
  <testcase name="verifyBookingFlight" time="18.136" classname="com.blazedemo.testcases.Blaze_Demo_Test"/>
  <system-out>
    <![CDATA[https://blazedemo.com/index.php is loaded successfully
Element: [[ChromeDriver: chrome on MAC (98ac8eff2817d862b394edd84a2ada6a)] -> css selector: select[name="fromPort"]]is selected
Element: [[ChromeDriver: chrome on MAC (98ac8eff2817d862b394edd84a2ada6a)] -> css selector: select[name="toPort"]]is selected
Successfully clicked on [[ChromeDriver: chrome on MAC (98ac8eff2817d862b394edd84a2ada6a)] -> css selector: input[type="submit"]]
Data Marlyn Blick successfully entered into [[ChromeDriver: chrome on MAC (98ac8eff2817d862b394edd84a2ada6a)] -> id: inputName]
Data Apt. 054 2354 Kling Spurs, Okunevafurt, AL 24287-3894 successfully entered into [[ChromeDriver: chrome on MAC (98ac8eff2817d862b394edd84a2ada6a)] -> id: address]
Data East Angeliabury successfully entered into [[ChromeDriver: chrome on MAC (98ac8eff2817d862b394edd84a2ada6a)] -> id: city]
Data West Virginia successfully entered into [[ChromeDriver: chrome on MAC (98ac8eff2817d862b394edd84a2ada6a)] -> id: state]
Data 21496 successfully entered into [[ChromeDriver: chrome on MAC (98ac8eff2817d862b394edd84a2ada6a)] -> id: zipCode]
Element: [[ChromeDriver: chrome on MAC (98ac8eff2817d862b394edd84a2ada6a)] -> id: cardType]is selected
Data 1212-1221-1121-1234 successfully entered into [[ChromeDriver: chrome on MAC (98ac8eff2817d862b394edd84a2ada6a)] -> id: creditCardNumber]
Data 5 successfully entered into [[ChromeDriver: chrome on MAC (98ac8eff2817d862b394edd84a2ada6a)] -> id: creditCardMonth]
Data 2004 successfully entered into [[ChromeDriver: chrome on MAC (98ac8eff2817d862b394edd84a2ada6a)] -> id: creditCardYear]
Data Marlyn Blick successfully entered into [[ChromeDriver: chrome on MAC (98ac8eff2817d862b394edd84a2ada6a)] -> id: nameOnCard]
Successfully clicked on Proxy element for: DefaultElementLocator 'By.xpath: //input[@type='submit']']]>
  </system-out>
</testsuite> <!-- com.blazedemo.testcases.Blaze_Demo_Test -->
